<?xml version="1.0" encoding="UTF-8"?>
<!-- Generated by org.testng.reporters.JUnitReportReporter -->
<testsuite skipped="0" hostname="Dlab-VAIO" name="com.amzon.testFramework.qa.testCases.HomePage_test" tests="3" failures="0" timestamp="02 May 2018 14:58:53 GMT" time="32.824" errors="0">
  <testcase name="HomePage_searchTest" time="17.582" classname="com.amzon.testFramework.qa.testCases.HomePage_test"/>
  <testcase name="HomePagelogoTest" time="6.506" classname="com.amzon.testFramework.qa.testCases.HomePage_test"/>
  <testcase name="SearchTest" time="8.736" classname="com.amzon.testFramework.qa.testCases.HomePage_test"/>
</testsuite> <!-- com.amzon.testFramework.qa.testCases.HomePage_test -->
