<?xml version="1.0" encoding="UTF-8"?>
<!-- Generated by org.testng.reporters.JUnitReportReporter -->
<testsuite skipped="0" hostname="Dlab-VAIO" name="com.amzon.testFramework.qa.testCases.HomePage_test" tests="3" failures="0" timestamp="05 May 2018 08:35:21 GMT" time="26.500" errors="0">
  <testcase name="HomePage_searchTest" time="9.887" classname="com.amzon.testFramework.qa.testCases.HomePage_test"/>
  <testcase name="HomePagelogoTest" time="7.017" classname="com.amzon.testFramework.qa.testCases.HomePage_test"/>
  <testcase name="SearchTest" time="9.596" classname="com.amzon.testFramework.qa.testCases.HomePage_test"/>
</testsuite> <!-- com.amzon.testFramework.qa.testCases.HomePage_test -->
